{
  "RSpec": {
    "coverage": {
      "/Users/samworrall/Desktop/Projects/final_project/clint_api/server.rb": [
        1,
        1,
        null,
        1,
        1,
        0,
        null,
        null,
        1,
        1,
        null,
        null,
        1,
        null
      ],
      "/Users/samworrall/Desktop/Projects/final_project/clint_api/lib/event.rb": [
        1,
        null,
        1,
        1,
        2,
        null,
        null,
        1,
        null,
        1,
        2,
        2,
        null,
        0,
        null,
        null,
        null
      ],
      "/Users/samworrall/Desktop/Projects/final_project/clint_api/spec/event_spec.rb": [
        1,
        1,
        null,
        1,
        1,
        1,
        1,
        1,
        1,
        null,
        1,
        null,
        null,
        null
      ],
      "/Users/samworrall/Desktop/Projects/final_project/clint_api/spec/features/viewing_events_spec.rb": [
        1,
        null,
        1,
        1,
        1,
        null,
        1,
        1,
        null,
        1,
        1,
        1,
        null,
        null
      ],
      "/Users/samworrall/Desktop/Projects/final_project/clint_api/spec/setup_test_database.rb": [
        1,
        null,
        1,
        null,
        1,
        null,
        1
      ]
    },
    "timestamp": 1529942593
  }
}
