{
  "RSpec": {
    "coverage": {
      "/Users/afishcalledrob/Documents/Makers/clint_api/config/environment.rb": [
        null,
        1,
        null,
        null,
        1
      ],
      "/Users/afishcalledrob/Documents/Makers/clint_api/config/application.rb": [
        1,
        null,
        1,
        1,
        1,
        1,
        1,
        1,
        1,
        1,
        1,
        null,
        1,
        null,
        1,
        1,
        1,
        1,
        null,
        null
      ],
      "/Users/afishcalledrob/Documents/Makers/clint_api/config/boot.rb": [
        1,
        null,
        1,
        1
      ],
      "/Users/afishcalledrob/Documents/Makers/clint_api/config/environments/test.rb": [
        1,
        null,
        null,
        null,
        null,
        null,
        null,
        1,
        null,
        null,
        null,
        null,
        1,
        null,
        null,
        1,
        1,
        null,
        null,
        null,
        null,
        1,
        1,
        null,
        null,
        1,
        null,
        null,
        1,
        null,
        null,
        1,
        null,
        1,
        null,
        null,
        null,
        null,
        1,
        null,
        null,
        1,
        null,
        null,
        null,
        null
      ],
      "/Users/afishcalledrob/Documents/Makers/clint_api/config/initializers/application_controller_renderer.rb": [

      ],
      "/Users/afishcalledrob/Documents/Makers/clint_api/config/initializers/backtrace_silencers.rb": [

      ],
      "/Users/afishcalledrob/Documents/Makers/clint_api/config/initializers/cors.rb": [

      ],
      "/Users/afishcalledrob/Documents/Makers/clint_api/config/initializers/filter_parameter_logging.rb": [
        1
      ],
      "/Users/afishcalledrob/Documents/Makers/clint_api/config/initializers/inflections.rb": [

      ],
      "/Users/afishcalledrob/Documents/Makers/clint_api/config/initializers/mime_types.rb": [

      ],
      "/Users/afishcalledrob/Documents/Makers/clint_api/config/initializers/wrap_parameters.rb": [
        1,
        2,
        null
      ],
      "/Users/afishcalledrob/Documents/Makers/clint_api/spec/factories.rb": [
        1,
        1,
        1,
        1,
        null,
        1,
        1,
        null,
        1,
        1,
        1,
        1,
        1,
        1,
        1,
        null,
        null
      ],
      "/Users/afishcalledrob/Documents/Makers/clint_api/config/routes.rb": [
        1,
        1,
        null
      ],
      "/Users/afishcalledrob/Documents/Makers/clint_api/app/controllers/events_controller.rb": [
        1,
        1,
        null,
        null,
        1,
        2,
        null,
        2,
        null,
        null,
        null,
        1,
        1,
        null,
        null,
        null,
        1,
        2,
        null,
        2,
        2,
        null,
        0,
        null,
        null,
        null,
        null,
        1,
        2,
        2,
        null,
        0,
        null,
        null,
        null,
        null,
        1,
        1,
        null,
        null,
        1,
        null,
        1,
        4,
        null,
        null,
        null,
        1,
        4,
        null,
        null
      ],
      "/Users/afishcalledrob/Documents/Makers/clint_api/app/controllers/application_controller.rb": [
        1,
        null
      ],
      "/Users/afishcalledrob/Documents/Makers/clint_api/spec/models/availabilities_event_spec.rb": [
        1,
        null,
        1,
        null
      ],
      "/Users/afishcalledrob/Documents/Makers/clint_api/app/models/availabilities_event.rb": [
        1,
        1,
        1,
        null
      ],
      "/Users/afishcalledrob/Documents/Makers/clint_api/app/models/application_record.rb": [
        1,
        1,
        null
      ],
      "/Users/afishcalledrob/Documents/Makers/clint_api/spec/models/availability_spec.rb": [
        1,
        null,
        1,
        null
      ],
      "/Users/afishcalledrob/Documents/Makers/clint_api/app/models/availability.rb": [
        1,
        1,
        null
      ],
      "/Users/afishcalledrob/Documents/Makers/clint_api/spec/models/event_spec.rb": [
        1,
        null,
        1,
        1,
        1,
        9,
        9,
        9,
        9,
        9,
        9,
        9,
        9,
        9,
        9,
        9,
        9,
        null,
        null,
        1,
        1,
        1,
        1,
        null,
        null,
        1,
        1,
        1,
        null,
        null,
        null,
        1,
        1,
        1,
        1,
        null,
        null,
        null,
        1,
        1,
        1,
        1,
        1,
        null,
        null,
        null,
        1,
        1,
        1,
        1,
        null,
        null,
        null,
        1,
        1,
        1,
        null,
        null,
        null,
        null,
        1,
        1,
        1,
        1,
        1,
        null,
        null,
        null,
        1,
        1,
        1,
        1,
        null,
        null,
        null,
        null,
        1,
        1,
        1,
        1,
        1,
        null,
        null,
        null,
        null,
        null
      ],
      "/Users/afishcalledrob/Documents/Makers/clint_api/app/models/event.rb": [
        1,
        1,
        null,
        1,
        8,
        null,
        null,
        1,
        5,
        14,
        null,
        null,
        1,
        6,
        6,
        6,
        16,
        6,
        null,
        null,
        1,
        10,
        null,
        null
      ],
      "/Users/afishcalledrob/Documents/Makers/clint_api/spec/requests/events_spec.rb": [
        1,
        null,
        1,
        1,
        1,
        1,
        1,
        null,
        null,
        null
      ],
      "/Users/afishcalledrob/Documents/Makers/clint_api/spec/routing/events_routing_spec.rb": [
        1,
        null,
        1,
        1,
        null,
        1,
        1,
        null,
        null,
        null,
        1,
        1,
        null,
        null,
        null,
        1,
        1,
        null,
        null,
        1,
        1,
        null,
        null,
        1,
        1,
        null,
        null,
        1,
        1,
        null,
        null,
        null,
        null
      ]
    },
    "timestamp": 1530271850
  }
}
